<?xml version="1.0" encoding="UTF-8"?>
<testng-results ignored="0" total="1" passed="1" failed="0" skipped="0">
  <reporter-output>
  </reporter-output>
  <suite started-at="2023-05-22T17:06:22 IST" name="Default suite" finished-at="2023-05-22T17:06:46 IST" duration-ms="24324">
    <groups>
    </groups>
    <test started-at="2023-05-22T17:06:22 IST" name="Default test" finished-at="2023-05-22T17:06:46 IST" duration-ms="24324">
      <class name="orange1.Login">
        <test-method signature="orange02()[pri:0, instance:orange1.Login@40cb8df7]" started-at="2023-05-22T17:06:22 IST" name="orange02" finished-at="2023-05-22T17:06:46 IST" duration-ms="24285" status="PASS">
          <reporter-output>
          </reporter-output>
        </test-method> <!-- orange02 -->
      </class> <!-- orange1.Login -->
    </test> <!-- Default test -->
  </suite> <!-- Default suite -->
</testng-results>
